Removed Pin From Net: NetName=SDA_EP Pin=BP1-15
Removed Pin From Net: NetName=SCL_EP Pin=BP1-16
Change Managed Component Library Link : Designator=BP1 Old VaultGUID= New VaultGUID=CBD6831D-FCA7-41C4-9E1B-1153C1B085DF Old ItemGUID= New ItemGUID=5f936356-427b-4b55-8666-c555d0f0d149 Old RevisionGUID= New RevisionGUID=082656bc-3794-4cfd-b082-4ab57e0d7a7d
Change Managed Component Library Link : Designator=C11 Old VaultGUID= New VaultGUID=CBD6831D-FCA7-41C4-9E1B-1153C1B085DF Old ItemGUID= New ItemGUID=AE92C6A0-6836-4D16-B257-07A714148C1A Old RevisionGUID= New RevisionGUID=818CB5CB-ED69-46E0-AB68-C988AA9F0949
Change Managed Component Library Link : Designator=C12 Old VaultGUID= New VaultGUID=CBD6831D-FCA7-41C4-9E1B-1153C1B085DF Old ItemGUID= New ItemGUID=80B5C2B7-BE71-4A02-A0EF-26F2997E1AFF Old RevisionGUID= New RevisionGUID=D313DE8B-C073-4D95-BD83-FC759517AB9B
Change Managed Component Library Link : Designator=C21 Old VaultGUID= New VaultGUID=CBD6831D-FCA7-41C4-9E1B-1153C1B085DF Old ItemGUID= New ItemGUID=85038968-1056-4BC1-B641-B37A2CB48C01 Old RevisionGUID= New RevisionGUID=056050AF-B73F-44E2-A186-954F8129579D
Change Managed Component Library Link : Designator=C22 Old VaultGUID= New VaultGUID=CBD6831D-FCA7-41C4-9E1B-1153C1B085DF Old ItemGUID= New ItemGUID=2FE8EEF1-9057-4405-817E-A5BC5434A76A Old RevisionGUID= New RevisionGUID=5BEA15B6-9A14-4E48-8969-C7FD42BCA9DB
Change Managed Component Library Link : Designator=C31 Old VaultGUID= New VaultGUID=B7D15EC3-160A-466F-A46C-7801FE6295A7 Old ItemGUID= New ItemGUID=CD394B75-0858-4FD9-877C-399DDA055629 Old RevisionGUID= New RevisionGUID=A71C73EA-1BBE-4D6A-96B1-8B26AB99EE12
Change Managed Component Library Link : Designator=C32 Old VaultGUID= New VaultGUID=CBD6831D-FCA7-41C4-9E1B-1153C1B085DF Old ItemGUID= New ItemGUID=1E5C5C4D-623F-4550-825D-46AFE5AA6B01 Old RevisionGUID= New RevisionGUID=6C8B51E9-BEB9-47AB-A229-FBE27602A087
Change Managed Component Library Link : Designator=C33 Old VaultGUID= New VaultGUID=B7D15EC3-160A-466F-A46C-7801FE6295A7 Old ItemGUID= New ItemGUID=CD394B75-0858-4FD9-877C-399DDA055629 Old RevisionGUID= New RevisionGUID=A71C73EA-1BBE-4D6A-96B1-8B26AB99EE12
Change Managed Component Library Link : Designator=C41 Old VaultGUID= New VaultGUID=B7D15EC3-160A-466F-A46C-7801FE6295A7 Old ItemGUID= New ItemGUID=CD394B75-0858-4FD9-877C-399DDA055629 Old RevisionGUID= New RevisionGUID=A71C73EA-1BBE-4D6A-96B1-8B26AB99EE12
Change Managed Component Library Link : Designator=CN1 Old VaultGUID= New VaultGUID=CBD6831D-FCA7-41C4-9E1B-1153C1B085DF Old ItemGUID= New ItemGUID=61DAB66A-1335-455B-874D-F6C854510EEC Old RevisionGUID= New RevisionGUID=454F2C47-F109-4BCE-A40B-2D0E985F3A0C
Change Managed Component Library Link : Designator=CN2 Old VaultGUID= New VaultGUID=CBD6831D-FCA7-41C4-9E1B-1153C1B085DF Old ItemGUID= New ItemGUID=61DAB66A-1335-455B-874D-F6C854510EEC Old RevisionGUID= New RevisionGUID=454F2C47-F109-4BCE-A40B-2D0E985F3A0C
Change Managed Component Library Link : Designator=FM1 Old VaultGUID= New VaultGUID=CBD6831D-FCA7-41C4-9E1B-1153C1B085DF Old ItemGUID= New ItemGUID=51978C0A-9818-4219-8C96-379A286AF459 Old RevisionGUID= New RevisionGUID=B9335CB6-17BD-4D50-9AB4-4814774C7F57
Change Managed Component Library Link : Designator=FM2 Old VaultGUID= New VaultGUID=CBD6831D-FCA7-41C4-9E1B-1153C1B085DF Old ItemGUID= New ItemGUID=51978C0A-9818-4219-8C96-379A286AF459 Old RevisionGUID= New RevisionGUID=B9335CB6-17BD-4D50-9AB4-4814774C7F57
Change Managed Component Library Link : Designator=IC1 Old VaultGUID= New VaultGUID=B7D15EC3-160A-466F-A46C-7801FE6295A7 Old ItemGUID= New ItemGUID=32B2C54E-D7E0-4267-8F90-6D033D6ED27E Old RevisionGUID= New RevisionGUID=0DBBD3F9-B744-4390-80FC-CC8D28532D62
Change Managed Component Library Link : Designator=INA1 Old VaultGUID= New VaultGUID=CBD6831D-FCA7-41C4-9E1B-1153C1B085DF Old ItemGUID= New ItemGUID=c8d84733-b560-4566-a406-f77ed9166f52 Old RevisionGUID= New RevisionGUID=b3fbcddc-0d13-4ccd-82bf-05cc003c8100
Change Managed Component Library Link : Designator=INA2 Old VaultGUID= New VaultGUID=CBD6831D-FCA7-41C4-9E1B-1153C1B085DF Old ItemGUID= New ItemGUID=c8d84733-b560-4566-a406-f77ed9166f52 Old RevisionGUID= New RevisionGUID=b3fbcddc-0d13-4ccd-82bf-05cc003c8100
Change Managed Component Library Link : Designator=LED_BALL Old VaultGUID= New VaultGUID=CBD6831D-FCA7-41C4-9E1B-1153C1B085DF Old ItemGUID= New ItemGUID=C2583BCB-EF7E-44B7-8980-FDDD95867249 Old RevisionGUID= New RevisionGUID=D837ABFD-49B7-447C-9FEA-DDDB1D6A1324
Change Managed Component Library Link : Designator=LED_COM Old VaultGUID= New VaultGUID=CBD6831D-FCA7-41C4-9E1B-1153C1B085DF Old ItemGUID= New ItemGUID=C2583BCB-EF7E-44B7-8980-FDDD95867249 Old RevisionGUID= New RevisionGUID=D837ABFD-49B7-447C-9FEA-DDDB1D6A1324
Change Managed Component Library Link : Designator=LED_GREEN Old VaultGUID= New VaultGUID=CBD6831D-FCA7-41C4-9E1B-1153C1B085DF Old ItemGUID= New ItemGUID=C2583BCB-EF7E-44B7-8980-FDDD95867249 Old RevisionGUID= New RevisionGUID=D837ABFD-49B7-447C-9FEA-DDDB1D6A1324
Change Managed Component Library Link : Designator=LED_ORANGE Old VaultGUID= New VaultGUID=CBD6831D-FCA7-41C4-9E1B-1153C1B085DF Old ItemGUID= New ItemGUID=C2583BCB-EF7E-44B7-8980-FDDD95867249 Old RevisionGUID= New RevisionGUID=D837ABFD-49B7-447C-9FEA-DDDB1D6A1324
Change Managed Component Library Link : Designator=M0 Old VaultGUID= New VaultGUID=CBD6831D-FCA7-41C4-9E1B-1153C1B085DF Old ItemGUID= New ItemGUID=d66a39c5-1dd0-4c09-80b7-a7cfc1193752 Old RevisionGUID= New RevisionGUID=4502cc26-4bc8-4ae3-9fef-84336083c43d
Change Managed Component Library Link : Designator=M1 Old VaultGUID= New VaultGUID=CBD6831D-FCA7-41C4-9E1B-1153C1B085DF Old ItemGUID= New ItemGUID=d66a39c5-1dd0-4c09-80b7-a7cfc1193752 Old RevisionGUID= New RevisionGUID=4502cc26-4bc8-4ae3-9fef-84336083c43d
Change Managed Component Library Link : Designator=MPU1 Old VaultGUID= New VaultGUID=CBD6831D-FCA7-41C4-9E1B-1153C1B085DF Old ItemGUID= New ItemGUID=59F511F9-CBAE-447F-B3E1-24B8FD0FF1EC Old RevisionGUID= New RevisionGUID=14643443-1052-4BDB-9428-6AB88F3E891B
Change Managed Component Library Link : Designator=NRF1 Old VaultGUID= New VaultGUID=CBD6831D-FCA7-41C4-9E1B-1153C1B085DF Old ItemGUID= New ItemGUID=3fa516db-ef20-4827-9ada-39c7bea3e22a Old RevisionGUID= New RevisionGUID=31a54205-be91-4847-b23b-21aac6c2ef38
Change Managed Component Library Link : Designator=Q1 Old VaultGUID= New VaultGUID=CBD6831D-FCA7-41C4-9E1B-1153C1B085DF Old ItemGUID= New ItemGUID=4A5BCF52-0505-4137-BD9F-A2E848CEF3F1 Old RevisionGUID= New RevisionGUID=6B9E7E08-6095-4C83-986E-FBE577479564
Change Managed Component Library Link : Designator=R11 Old VaultGUID= New VaultGUID=B7D15EC3-160A-466F-A46C-7801FE6295A7 Old ItemGUID= New ItemGUID=90178784-1973-4565-8875-F701A7FCA5B5 Old RevisionGUID= New RevisionGUID=DA3BDE0A-9A6F-4131-B063-CE98C54EA4D2
Change Managed Component Library Link : Designator=R12 Old VaultGUID= New VaultGUID=CBD6831D-FCA7-41C4-9E1B-1153C1B085DF Old ItemGUID= New ItemGUID=145F4337-2341-4ADB-970A-91D07303AD6B Old RevisionGUID= New RevisionGUID=587C13B2-BD39-47BF-8690-0371E806A6D5
Change Managed Component Library Link : Designator=R51 Old VaultGUID= New VaultGUID=B7D15EC3-160A-466F-A46C-7801FE6295A7 Old ItemGUID= New ItemGUID=2811A398-4A25-427B-84DB-C2A6A6F11ED9 Old RevisionGUID= New RevisionGUID=B82802A1-653F-410C-9984-141ECC8014AD
Change Managed Component Library Link : Designator=R52 Old VaultGUID= New VaultGUID=B7D15EC3-160A-466F-A46C-7801FE6295A7 Old ItemGUID= New ItemGUID=2811A398-4A25-427B-84DB-C2A6A6F11ED9 Old RevisionGUID= New RevisionGUID=B82802A1-653F-410C-9984-141ECC8014AD
Change Managed Component Library Link : Designator=R61 Old VaultGUID= New VaultGUID=B7D15EC3-160A-466F-A46C-7801FE6295A7 Old ItemGUID= New ItemGUID=89FE0460-7D1A-4B11-9923-C86DF77D32ED Old RevisionGUID= New RevisionGUID=DA2B7D7E-E915-4825-82FC-16D6C4CB7238
Change Managed Component Library Link : Designator=R62 Old VaultGUID= New VaultGUID=B7D15EC3-160A-466F-A46C-7801FE6295A7 Old ItemGUID= New ItemGUID=89FE0460-7D1A-4B11-9923-C86DF77D32ED Old RevisionGUID= New RevisionGUID=DA2B7D7E-E915-4825-82FC-16D6C4CB7238
Change Managed Component Library Link : Designator=R63 Old VaultGUID= New VaultGUID=B7D15EC3-160A-466F-A46C-7801FE6295A7 Old ItemGUID= New ItemGUID=89FE0460-7D1A-4B11-9923-C86DF77D32ED Old RevisionGUID= New RevisionGUID=DA2B7D7E-E915-4825-82FC-16D6C4CB7238
Change Managed Component Library Link : Designator=R64 Old VaultGUID= New VaultGUID=B7D15EC3-160A-466F-A46C-7801FE6295A7 Old ItemGUID= New ItemGUID=89FE0460-7D1A-4B11-9923-C86DF77D32ED Old RevisionGUID= New RevisionGUID=DA2B7D7E-E915-4825-82FC-16D6C4CB7238
Change Managed Component Library Link : Designator=R65 Old VaultGUID= New VaultGUID=B7D15EC3-160A-466F-A46C-7801FE6295A7 Old ItemGUID= New ItemGUID=89FE0460-7D1A-4B11-9923-C86DF77D32ED Old RevisionGUID= New RevisionGUID=DA2B7D7E-E915-4825-82FC-16D6C4CB7238
Change Managed Component Library Link : Designator=R66 Old VaultGUID= New VaultGUID=B7D15EC3-160A-466F-A46C-7801FE6295A7 Old ItemGUID= New ItemGUID=89FE0460-7D1A-4B11-9923-C86DF77D32ED Old RevisionGUID= New RevisionGUID=DA2B7D7E-E915-4825-82FC-16D6C4CB7238
Change Managed Component Library Link : Designator=R67 Old VaultGUID= New VaultGUID=B7D15EC3-160A-466F-A46C-7801FE6295A7 Old ItemGUID= New ItemGUID=89FE0460-7D1A-4B11-9923-C86DF77D32ED Old RevisionGUID= New RevisionGUID=DA2B7D7E-E915-4825-82FC-16D6C4CB7238
Change Managed Component Library Link : Designator=R68 Old VaultGUID= New VaultGUID=B7D15EC3-160A-466F-A46C-7801FE6295A7 Old ItemGUID= New ItemGUID=89FE0460-7D1A-4B11-9923-C86DF77D32ED Old RevisionGUID= New RevisionGUID=DA2B7D7E-E915-4825-82FC-16D6C4CB7238
Change Managed Component Library Link : Designator=R71 Old VaultGUID= New VaultGUID=B7D15EC3-160A-466F-A46C-7801FE6295A7 Old ItemGUID= New ItemGUID=89FE0460-7D1A-4B11-9923-C86DF77D32ED Old RevisionGUID= New RevisionGUID=DA2B7D7E-E915-4825-82FC-16D6C4CB7238
Change Managed Component Library Link : Designator=R72 Old VaultGUID= New VaultGUID=B7D15EC3-160A-466F-A46C-7801FE6295A7 Old ItemGUID= New ItemGUID=89FE0460-7D1A-4B11-9923-C86DF77D32ED Old RevisionGUID= New RevisionGUID=DA2B7D7E-E915-4825-82FC-16D6C4CB7238
Change Managed Component Library Link : Designator=R73 Old VaultGUID= New VaultGUID=B7D15EC3-160A-466F-A46C-7801FE6295A7 Old ItemGUID= New ItemGUID=89FE0460-7D1A-4B11-9923-C86DF77D32ED Old RevisionGUID= New RevisionGUID=DA2B7D7E-E915-4825-82FC-16D6C4CB7238
Change Managed Component Library Link : Designator=R74 Old VaultGUID= New VaultGUID=B7D15EC3-160A-466F-A46C-7801FE6295A7 Old ItemGUID= New ItemGUID=89FE0460-7D1A-4B11-9923-C86DF77D32ED Old RevisionGUID= New RevisionGUID=DA2B7D7E-E915-4825-82FC-16D6C4CB7238
Change Managed Component Library Link : Designator=RL11 Old VaultGUID= New VaultGUID=B7D15EC3-160A-466F-A46C-7801FE6295A7 Old ItemGUID= New ItemGUID=90178784-1973-4565-8875-F701A7FCA5B5 Old RevisionGUID= New RevisionGUID=DA3BDE0A-9A6F-4131-B063-CE98C54EA4D2
Change Managed Component Library Link : Designator=RL12 Old VaultGUID= New VaultGUID=B7D15EC3-160A-466F-A46C-7801FE6295A7 Old ItemGUID= New ItemGUID=90178784-1973-4565-8875-F701A7FCA5B5 Old RevisionGUID= New RevisionGUID=DA3BDE0A-9A6F-4131-B063-CE98C54EA4D2
Change Managed Component Library Link : Designator=RL21 Old VaultGUID= New VaultGUID=B7D15EC3-160A-466F-A46C-7801FE6295A7 Old ItemGUID= New ItemGUID=90178784-1973-4565-8875-F701A7FCA5B5 Old RevisionGUID= New RevisionGUID=DA3BDE0A-9A6F-4131-B063-CE98C54EA4D2
Change Managed Component Library Link : Designator=RL22 Old VaultGUID= New VaultGUID=B7D15EC3-160A-466F-A46C-7801FE6295A7 Old ItemGUID= New ItemGUID=90178784-1973-4565-8875-F701A7FCA5B5 Old RevisionGUID= New RevisionGUID=DA3BDE0A-9A6F-4131-B063-CE98C54EA4D2
Change Managed Component Library Link : Designator=RS1 Old VaultGUID= New VaultGUID=CBD6831D-FCA7-41C4-9E1B-1153C1B085DF Old ItemGUID= New ItemGUID=60F5EAA9-EE19-430A-A8B6-67A05BC25AC2 Old RevisionGUID= New RevisionGUID=8FBEAE25-B90A-4CE6-B1CE-BE0AC0120AAF
Change Managed Component Library Link : Designator=RS2 Old VaultGUID= New VaultGUID=CBD6831D-FCA7-41C4-9E1B-1153C1B085DF Old ItemGUID= New ItemGUID=60F5EAA9-EE19-430A-A8B6-67A05BC25AC2 Old RevisionGUID= New RevisionGUID=8FBEAE25-B90A-4CE6-B1CE-BE0AC0120AAF
Change Managed Component Library Link : Designator=SW_ID Old VaultGUID= New VaultGUID=CBD6831D-FCA7-41C4-9E1B-1153C1B085DF Old ItemGUID= New ItemGUID=C6ADE224-7A79-41BF-A3F7-6DEB360345F2 Old RevisionGUID= New RevisionGUID=6867E35C-FCD5-4612-AA00-85CD891FBB60
Added Pin To Net: NetName=SCL_EP Pin=BP1-15
Added Pin To Net: NetName=SDA_EP Pin=BP1-16
