Removed Pin From Net: NetName=GND Pin=C1-1
Removed Pin From Net: NetName=VBAT Pin=C1-2
Removed Pin From Net: NetName=VCC Pin=C5-1
Removed Pin From Net: NetName=GND Pin=C5-2
Removed Pin From Net: NetName=VCC Pin=C6-1
Removed Pin From Net: NetName=GND Pin=C6-2
Removed Pin From Net: NetName=VBAT Pin=CM1-1
Removed Pin From Net: NetName=VBAT Pin=CM2-1
Removed Pin From Net: NetName=GND Pin=CN1-MNT1
Removed Pin From Net: NetName=GND Pin=CN1-MNT2
Removed Pin From Net: NetName=GND Pin=CN2-MNT1
Removed Pin From Net: NetName=GND Pin=CN2-MNT2
Removed Pin From Net: NetName=VBAT_SW Pin=CN_chave-5
Removed Pin From Net: NetName=GND Pin=CN_chave-MNT1
Removed Pin From Net: NetName=GND Pin=CN_chave-MNT2
Removed Pin From Net: NetName=GND Pin=IC2-1
Removed Pin From Net: NetName=GND Pin=IC2-2
Removed Pin From Net: NetName=VCC Pin=IC2-6
Removed Pin From Net: NetName=GND Pin=IC2-7
Removed Pin From Net: NetName=VBAT Pin=IC2-8
Removed Pin From Net: NetName=GND Pin=IC3-1
Removed Pin From Net: NetName=VCC Pin=IC3-2
Removed Pin From Net: NetName=VCC Pin=IC3-6
Removed Pin From Net: NetName=GND Pin=IC3-7
Removed Pin From Net: NetName=VBAT Pin=IC3-8
Removed Pin From Net: NetName=VBAT Pin=IC5-1
Removed Pin From Net: NetName=GND Pin=IC5-2
Removed Pin From Net: NetName=VBAT Pin=R1-2
Removed Pin From Net: NetName=NetFM1_1 Pin=R2-2
Removed Pin From Net: NetName=VBAT Pin=R3-1
Removed Pin From Net: NetName=VBAT Pin=R4-2
Removed Pin From Net: NetName=NetFM2_1 Pin=R5-2
Removed Pin From Net: NetName=VBAT Pin=R6-1
Removed Pin From Net: NetName=GND Pin=R7-1
Removed Pin From Net: NetName=GND Pin=R10-1
Removed Pin From Net: NetName=GND Pin=R15-2
Removed Pin From Net: NetName=GND Pin=R16-2
Removed Pin From Net: NetName=GND Pin=R17-2
Removed Pin From Net: NetName=GND Pin=R18-2
Removed Member From Class: ClassName=DIRECT Member=C1
Removed Member From Class: ClassName=DIRECT Member=IC5
Change Component Comment : Designator=R3 Old Comment=R2512-0R02 New Comment=0R02
Change Component Comment : Designator=R6 Old Comment=R2512-0R02 New Comment=0R02
Change Component Designator: OldDesignator=C2 NewDesignator=C12
Change Component Designator: OldDesignator=C7 NewDesignator=C21
Change Component Designator: OldDesignator=C8 NewDesignator=C22
Change Component Designator: OldDesignator=C9 NewDesignator=C11
Change Component Designator: OldDesignator=R3 NewDesignator=RS1
Change Component Designator: OldDesignator=R6 NewDesignator=RS2
Change Component Designator: OldDesignator=R8 NewDesignator=R12
Added Component: Designator=7SEG1(PCBComponent_1)
Add component. Clean all parameters for all variants
Added Component: Designator=C31(CAPC0402(1005)60_N)
Add component. Clean all parameters for all variants
Add component (AddParameter): Name = "Case-EIA"; Value = "0402"; VariantName = "[No Variations]"
Add component (AddParameter): Name = "Case-Metric"; Value = "1005"; VariantName = "[No Variations]"
Add component (AddParameter): Name = "Max Thickness"; Value = "0.6 mm"; VariantName = "[No Variations]"
Add component (AddParameter): Name = "Rated Voltage"; Value = "10 V"; VariantName = "[No Variations]"
Add component (AddParameter): Name = "Technology"; Value = "SMT"; VariantName = "[No Variations]"
Add component (AddParameter): Name = "Tolerance"; Value = "±10%"; VariantName = "[No Variations]"
Add component (AddParameter): Name = "Value"; Value = "100nF"; VariantName = "[No Variations]"
Added Component: Designator=C33(CAPC0402(1005)60_N)
Add component. Clean all parameters for all variants
Add component (AddParameter): Name = "Case-EIA"; Value = "0402"; VariantName = "[No Variations]"
Add component (AddParameter): Name = "Case-Metric"; Value = "1005"; VariantName = "[No Variations]"
Add component (AddParameter): Name = "Max Thickness"; Value = "0.6 mm"; VariantName = "[No Variations]"
Add component (AddParameter): Name = "Rated Voltage"; Value = "10 V"; VariantName = "[No Variations]"
Add component (AddParameter): Name = "Technology"; Value = "SMT"; VariantName = "[No Variations]"
Add component (AddParameter): Name = "Tolerance"; Value = "±10%"; VariantName = "[No Variations]"
Add component (AddParameter): Name = "Value"; Value = "100nF"; VariantName = "[No Variations]"
Added Component: Designator=ExPo1(QFN50P300X300X100-17N-D)
Add component. Clean all parameters for all variants
Add component (AddParameter): Name = "Arrow Part Number"; Value = "STMPE811QTR"; VariantName = "[No Variations]"
Add component (AddParameter): Name = "Arrow Price/Stock"; Value = "https://www.arrow.com/en/products/stmpe811qtr/stmicroelectronics"; VariantName = "[No Variations]"
Add component (AddParameter): Name = "Datasheet Link"; Value = "http://docs-europe.electrocomponents.com/webdocs/0edc/0900766b80edc3b7.pdf"; VariantName = "[No Variations]"
Add component (AddParameter): Name = "Geometry.Height"; Value = "1mm"; VariantName = "[No Variations]"
Add component (AddParameter): Name = "Manufacturer_Name"; Value = "STMicroelectronics"; VariantName = "[No Variations]"
Add component (AddParameter): Name = "Manufacturer_Part_Number"; Value = "STMPE811QTR"; VariantName = "[No Variations]"
Add component (AddParameter): Name = "RS Part Number"; Value = "1658056"; VariantName = "[No Variations]"
Add component (AddParameter): Name = "RS Price/Stock"; Value = "http://uk.rs-online.com/web/p/products/1658056"; VariantName = "[No Variations]"
Added Component: Designator=R11(RESC0402(1005)_L)
Add component. Clean all parameters for all variants
Add component (AddParameter): Name = "Case-EIA"; Value = "0402"; VariantName = "[No Variations]"
Add component (AddParameter): Name = "Case-Metric"; Value = "1005"; VariantName = "[No Variations]"
Add component (AddParameter): Name = "Power"; Value = "0.063 W"; VariantName = "[No Variations]"
Add component (AddParameter): Name = "Technology"; Value = "SMT"; VariantName = "[No Variations]"
Add component (AddParameter): Name = "Tolerance"; Value = "1 %"; VariantName = "[No Variations]"
Add component (AddParameter): Name = "Value"; Value = "100000.00 Ohm"; VariantName = "[No Variations]"
Added Component: Designator=R51(RESC0402(1005)_L)
Add component. Clean all parameters for all variants
Add component (AddParameter): Name = "Case-EIA"; Value = "0402"; VariantName = "[No Variations]"
Add component (AddParameter): Name = "Case-Metric"; Value = "1005"; VariantName = "[No Variations]"
Add component (AddParameter): Name = "Power"; Value = "0.063 W"; VariantName = "[No Variations]"
Add component (AddParameter): Name = "Technology"; Value = "SMT"; VariantName = "[No Variations]"
Add component (AddParameter): Name = "Tolerance"; Value = "1 %"; VariantName = "[No Variations]"
Add component (AddParameter): Name = "Value"; Value = "4700.00 Ohm"; VariantName = "[No Variations]"
Added Component: Designator=R52(RESC0402(1005)_L)
Add component. Clean all parameters for all variants
Add component (AddParameter): Name = "Case-EIA"; Value = "0402"; VariantName = "[No Variations]"
Add component (AddParameter): Name = "Case-Metric"; Value = "1005"; VariantName = "[No Variations]"
Add component (AddParameter): Name = "Power"; Value = "0.063 W"; VariantName = "[No Variations]"
Add component (AddParameter): Name = "Technology"; Value = "SMT"; VariantName = "[No Variations]"
Add component (AddParameter): Name = "Tolerance"; Value = "1 %"; VariantName = "[No Variations]"
Add component (AddParameter): Name = "Value"; Value = "4700.00 Ohm"; VariantName = "[No Variations]"
Added Component: Designator=R61(RESC0402(1005)_L)
Add component. Clean all parameters for all variants
Add component (AddParameter): Name = "Case-EIA"; Value = "0402"; VariantName = "[No Variations]"
Add component (AddParameter): Name = "Case-Metric"; Value = "1005"; VariantName = "[No Variations]"
Add component (AddParameter): Name = "Power"; Value = "0.063 W"; VariantName = "[No Variations]"
Add component (AddParameter): Name = "Technology"; Value = "SMT"; VariantName = "[No Variations]"
Add component (AddParameter): Name = "Tolerance"; Value = "1 %"; VariantName = "[No Variations]"
Add component (AddParameter): Name = "Value"; Value = "100.00 Ohm"; VariantName = "[No Variations]"
Added Component: Designator=R62(RESC0402(1005)_L)
Add component. Clean all parameters for all variants
Add component (AddParameter): Name = "Case-EIA"; Value = "0402"; VariantName = "[No Variations]"
Add component (AddParameter): Name = "Case-Metric"; Value = "1005"; VariantName = "[No Variations]"
Add component (AddParameter): Name = "Power"; Value = "0.063 W"; VariantName = "[No Variations]"
Add component (AddParameter): Name = "Technology"; Value = "SMT"; VariantName = "[No Variations]"
Add component (AddParameter): Name = "Tolerance"; Value = "1 %"; VariantName = "[No Variations]"
Add component (AddParameter): Name = "Value"; Value = "100.00 Ohm"; VariantName = "[No Variations]"
Added Component: Designator=R63(RESC0402(1005)_L)
Add component. Clean all parameters for all variants
Add component (AddParameter): Name = "Case-EIA"; Value = "0402"; VariantName = "[No Variations]"
Add component (AddParameter): Name = "Case-Metric"; Value = "1005"; VariantName = "[No Variations]"
Add component (AddParameter): Name = "Power"; Value = "0.063 W"; VariantName = "[No Variations]"
Add component (AddParameter): Name = "Technology"; Value = "SMT"; VariantName = "[No Variations]"
Add component (AddParameter): Name = "Tolerance"; Value = "1 %"; VariantName = "[No Variations]"
Add component (AddParameter): Name = "Value"; Value = "100.00 Ohm"; VariantName = "[No Variations]"
Added Component: Designator=R64(RESC0402(1005)_L)
Add component. Clean all parameters for all variants
Add component (AddParameter): Name = "Case-EIA"; Value = "0402"; VariantName = "[No Variations]"
Add component (AddParameter): Name = "Case-Metric"; Value = "1005"; VariantName = "[No Variations]"
Add component (AddParameter): Name = "Power"; Value = "0.063 W"; VariantName = "[No Variations]"
Add component (AddParameter): Name = "Technology"; Value = "SMT"; VariantName = "[No Variations]"
Add component (AddParameter): Name = "Tolerance"; Value = "1 %"; VariantName = "[No Variations]"
Add component (AddParameter): Name = "Value"; Value = "100.00 Ohm"; VariantName = "[No Variations]"
Added Component: Designator=R65(RESC0402(1005)_L)
Add component. Clean all parameters for all variants
Add component (AddParameter): Name = "Case-EIA"; Value = "0402"; VariantName = "[No Variations]"
Add component (AddParameter): Name = "Case-Metric"; Value = "1005"; VariantName = "[No Variations]"
Add component (AddParameter): Name = "Power"; Value = "0.063 W"; VariantName = "[No Variations]"
Add component (AddParameter): Name = "Technology"; Value = "SMT"; VariantName = "[No Variations]"
Add component (AddParameter): Name = "Tolerance"; Value = "1 %"; VariantName = "[No Variations]"
Add component (AddParameter): Name = "Value"; Value = "100.00 Ohm"; VariantName = "[No Variations]"
Added Component: Designator=R66(RESC0402(1005)_L)
Add component. Clean all parameters for all variants
Add component (AddParameter): Name = "Case-EIA"; Value = "0402"; VariantName = "[No Variations]"
Add component (AddParameter): Name = "Case-Metric"; Value = "1005"; VariantName = "[No Variations]"
Add component (AddParameter): Name = "Power"; Value = "0.063 W"; VariantName = "[No Variations]"
Add component (AddParameter): Name = "Technology"; Value = "SMT"; VariantName = "[No Variations]"
Add component (AddParameter): Name = "Tolerance"; Value = "1 %"; VariantName = "[No Variations]"
Add component (AddParameter): Name = "Value"; Value = "100.00 Ohm"; VariantName = "[No Variations]"
Added Component: Designator=R67(RESC0402(1005)_L)
Add component. Clean all parameters for all variants
Add component (AddParameter): Name = "Case-EIA"; Value = "0402"; VariantName = "[No Variations]"
Add component (AddParameter): Name = "Case-Metric"; Value = "1005"; VariantName = "[No Variations]"
Add component (AddParameter): Name = "Power"; Value = "0.063 W"; VariantName = "[No Variations]"
Add component (AddParameter): Name = "Technology"; Value = "SMT"; VariantName = "[No Variations]"
Add component (AddParameter): Name = "Tolerance"; Value = "1 %"; VariantName = "[No Variations]"
Add component (AddParameter): Name = "Value"; Value = "100.00 Ohm"; VariantName = "[No Variations]"
Added Component: Designator=R68(RESC0402(1005)_L)
Add component. Clean all parameters for all variants
Add component (AddParameter): Name = "Case-EIA"; Value = "0402"; VariantName = "[No Variations]"
Add component (AddParameter): Name = "Case-Metric"; Value = "1005"; VariantName = "[No Variations]"
Add component (AddParameter): Name = "Power"; Value = "0.063 W"; VariantName = "[No Variations]"
Add component (AddParameter): Name = "Technology"; Value = "SMT"; VariantName = "[No Variations]"
Add component (AddParameter): Name = "Tolerance"; Value = "1 %"; VariantName = "[No Variations]"
Add component (AddParameter): Name = "Value"; Value = "100.00 Ohm"; VariantName = "[No Variations]"
Added Component: Designator=R71(RESC0402(1005)_L)
Add component. Clean all parameters for all variants
Add component (AddParameter): Name = "Case-EIA"; Value = "0402"; VariantName = "[No Variations]"
Add component (AddParameter): Name = "Case-Metric"; Value = "1005"; VariantName = "[No Variations]"
Add component (AddParameter): Name = "Power"; Value = "0.063 W"; VariantName = "[No Variations]"
Add component (AddParameter): Name = "Technology"; Value = "SMT"; VariantName = "[No Variations]"
Add component (AddParameter): Name = "Tolerance"; Value = "1 %"; VariantName = "[No Variations]"
Add component (AddParameter): Name = "Value"; Value = "100.00 Ohm"; VariantName = "[No Variations]"
Added Component: Designator=R72(RESC0402(1005)_L)
Add component. Clean all parameters for all variants
Add component (AddParameter): Name = "Case-EIA"; Value = "0402"; VariantName = "[No Variations]"
Add component (AddParameter): Name = "Case-Metric"; Value = "1005"; VariantName = "[No Variations]"
Add component (AddParameter): Name = "Power"; Value = "0.063 W"; VariantName = "[No Variations]"
Add component (AddParameter): Name = "Technology"; Value = "SMT"; VariantName = "[No Variations]"
Add component (AddParameter): Name = "Tolerance"; Value = "1 %"; VariantName = "[No Variations]"
Add component (AddParameter): Name = "Value"; Value = "100.00 Ohm"; VariantName = "[No Variations]"
Added Component: Designator=R73(RESC0402(1005)_L)
Add component. Clean all parameters for all variants
Add component (AddParameter): Name = "Case-EIA"; Value = "0402"; VariantName = "[No Variations]"
Add component (AddParameter): Name = "Case-Metric"; Value = "1005"; VariantName = "[No Variations]"
Add component (AddParameter): Name = "Power"; Value = "0.063 W"; VariantName = "[No Variations]"
Add component (AddParameter): Name = "Technology"; Value = "SMT"; VariantName = "[No Variations]"
Add component (AddParameter): Name = "Tolerance"; Value = "1 %"; VariantName = "[No Variations]"
Add component (AddParameter): Name = "Value"; Value = "100.00 Ohm"; VariantName = "[No Variations]"
Added Component: Designator=R74(RESC0402(1005)_L)
Add component. Clean all parameters for all variants
Add component (AddParameter): Name = "Case-EIA"; Value = "0402"; VariantName = "[No Variations]"
Add component (AddParameter): Name = "Case-Metric"; Value = "1005"; VariantName = "[No Variations]"
Add component (AddParameter): Name = "Power"; Value = "0.063 W"; VariantName = "[No Variations]"
Add component (AddParameter): Name = "Technology"; Value = "SMT"; VariantName = "[No Variations]"
Add component (AddParameter): Name = "Tolerance"; Value = "1 %"; VariantName = "[No Variations]"
Add component (AddParameter): Name = "Value"; Value = "100.00 Ohm"; VariantName = "[No Variations]"
Added Component: Designator=RL11(RESC0402(1005)_L)
Add component. Clean all parameters for all variants
Add component (AddParameter): Name = "Case-EIA"; Value = "0402"; VariantName = "[No Variations]"
Add component (AddParameter): Name = "Case-Metric"; Value = "1005"; VariantName = "[No Variations]"
Add component (AddParameter): Name = "Power"; Value = "0.063 W"; VariantName = "[No Variations]"
Add component (AddParameter): Name = "Technology"; Value = "SMT"; VariantName = "[No Variations]"
Add component (AddParameter): Name = "Tolerance"; Value = "1 %"; VariantName = "[No Variations]"
Add component (AddParameter): Name = "Value"; Value = "100000.00 Ohm"; VariantName = "[No Variations]"
Added Component: Designator=RL12(RESC0402(1005)_L)
Add component. Clean all parameters for all variants
Add component (AddParameter): Name = "Case-EIA"; Value = "0402"; VariantName = "[No Variations]"
Add component (AddParameter): Name = "Case-Metric"; Value = "1005"; VariantName = "[No Variations]"
Add component (AddParameter): Name = "Power"; Value = "0.063 W"; VariantName = "[No Variations]"
Add component (AddParameter): Name = "Technology"; Value = "SMT"; VariantName = "[No Variations]"
Add component (AddParameter): Name = "Tolerance"; Value = "1 %"; VariantName = "[No Variations]"
Add component (AddParameter): Name = "Value"; Value = "100000.00 Ohm"; VariantName = "[No Variations]"
Added Component: Designator=RL21(RESC0402(1005)_L)
Add component. Clean all parameters for all variants
Add component (AddParameter): Name = "Case-EIA"; Value = "0402"; VariantName = "[No Variations]"
Add component (AddParameter): Name = "Case-Metric"; Value = "1005"; VariantName = "[No Variations]"
Add component (AddParameter): Name = "Power"; Value = "0.063 W"; VariantName = "[No Variations]"
Add component (AddParameter): Name = "Technology"; Value = "SMT"; VariantName = "[No Variations]"
Add component (AddParameter): Name = "Tolerance"; Value = "1 %"; VariantName = "[No Variations]"
Add component (AddParameter): Name = "Value"; Value = "100000.00 Ohm"; VariantName = "[No Variations]"
Added Component: Designator=RL22(RESC0402(1005)_L)
Add component. Clean all parameters for all variants
Add component (AddParameter): Name = "Case-EIA"; Value = "0402"; VariantName = "[No Variations]"
Add component (AddParameter): Name = "Case-Metric"; Value = "1005"; VariantName = "[No Variations]"
Add component (AddParameter): Name = "Power"; Value = "0.063 W"; VariantName = "[No Variations]"
Add component (AddParameter): Name = "Technology"; Value = "SMT"; VariantName = "[No Variations]"
Add component (AddParameter): Name = "Tolerance"; Value = "1 %"; VariantName = "[No Variations]"
Add component (AddParameter): Name = "Value"; Value = "100000.00 Ohm"; VariantName = "[No Variations]"
Added Component: Designator=SW_BAT(CS12ANW03)
Add component. Clean all parameters for all variants
Add component (AddParameter): Name = "Allied_Number"; Value = "70228233"; VariantName = "[No Variations]"
Add component (AddParameter): Name = "Allied Price/Stock"; Value = "https://www.alliedelec.com/nkk-switches-cs12anw03/70228233/"; VariantName = "[No Variations]"
Add component (AddParameter): Name = "Arrow Part Number"; Value = "CS12ANW03"; VariantName = "[No Variations]"
Add component (AddParameter): Name = "Arrow Price/Stock"; Value = "https://www.arrow.com/en/products/cs12anw03/nkk-switches"; VariantName = "[No Variations]"
Add component (AddParameter): Name = "Datasheet Link"; Value = "http://www.nkkswitches.com/pdf/cs.pdf"; VariantName = "[No Variations]"
Add component (AddParameter): Name = "Manufacturer_Name"; Value = "NKK Switches"; VariantName = "[No Variations]"
Add component (AddParameter): Name = "Manufacturer_Part_Number"; Value = "CS12ANW03"; VariantName = "[No Variations]"
Add component (AddParameter): Name = "RS Part Number"; Value = "1251847"; VariantName = "[No Variations]"
Add component (AddParameter): Name = "RS Price/Stock"; Value = "http://uk.rs-online.com/web/p/products/1251847"; VariantName = "[No Variations]"
Added Pin To Net: NetName=VBAT Pin=C11-1
Added Pin To Net: NetName=GND Pin=C31-1
Added Pin To Net: NetName=VCC Pin=C31-2
Added Pin To Net: NetName=GND Pin=C33-1
Added Pin To Net: NetName=VBAT_SW Pin=CM1-1
Added Pin To Net: NetName=VBAT_SW Pin=CM2-1
Added Pin To Net: NetName=GND Pin=ExPo1-3
Added Pin To Net: NetName=VCC Pin=ExPo1-6
Added Pin To Net: NetName=GND Pin=ExPo1-10
Added Pin To Net: NetName=VCC Pin=ExPo1-14
Added Pin To Net: NetName=VBAT Pin=IC1-3
Added Pin To Net: NetName=VBAT_SW Pin=R11-1
Added Pin To Net: NetName=VCC Pin=R51-2
Added Pin To Net: NetName=VCC Pin=R52-2
Added Pin To Net: NetName=GND Pin=RL11-1
Added Pin To Net: NetName=GND Pin=RL12-1
Added Pin To Net: NetName=GND Pin=RL21-1
Added Pin To Net: NetName=GND Pin=RL22-1
Added Pin To Net: NetName=VBAT_SW Pin=RS1-1
Added Pin To Net: NetName=VBAT_SW Pin=RS2-1
Added Pin To Net: NetName=GND Pin=SW_BAT-2
Change Net Name : Old Net Name=VBAT New Net Name=NetC11_1
Change Net Name : Old Net Name=VBAT_SW New Net Name=VBAT
Added Pin To Net: NetName=a Pin=ExPo1-8
Added Pin To Net: NetName=a Pin=R66-2
Added Net: Name=a
Added Pin To Net: NetName=Blue_led Pin=BP1-37
Added Pin To Net: NetName=Blue_led Pin=R72-1
Added Net: Name=Blue_led
Added Pin To Net: NetName=b Pin=ExPo1-11
Added Pin To Net: NetName=b Pin=R65-2
Added Net: Name=b
Added Pin To Net: NetName=c Pin=ExPo1-12
Added Pin To Net: NetName=c Pin=R63-1
Added Net: Name=c
Added Pin To Net: NetName=DP Pin=ExPo1-9
Added Pin To Net: NetName=DP Pin=R64-1
Added Net: Name=DP
Added Pin To Net: NetName=d Pin=ExPo1-13
Added Pin To Net: NetName=d Pin=R62-1
Added Net: Name=d
Added Pin To Net: NetName=e Pin=ExPo1-15
Added Pin To Net: NetName=e Pin=R61-1
Added Net: Name=e
Added Pin To Net: NetName=f Pin=ExPo1-16
Added Pin To Net: NetName=f Pin=R68-2
Added Net: Name=f
Added Pin To Net: NetName=Green_led Pin=BP1-3
Added Pin To Net: NetName=Green_led Pin=R73-1
Added Net: Name=Green_led
Added Pin To Net: NetName=g Pin=ExPo1-1
Added Pin To Net: NetName=g Pin=R67-2
Added Net: Name=g
Added Pin To Net: NetName=ID_BUTTON Pin=BP1-4
Added Net: Name=ID_BUTTON
Added Pin To Net: NetName=INA1_OUT Pin=BP1-10
Added Pin To Net: NetName=INA1_OUT Pin=RL11-2
Added Pin To Net: NetName=INA1_OUT Pin=RL12-2
Added Net: Name=INA1_OUT
Added Pin To Net: NetName=INA2_OUT Pin=BP1-9
Added Pin To Net: NetName=INA2_OUT Pin=RL21-2
Added Pin To Net: NetName=INA2_OUT Pin=RL22-2
Added Net: Name=INA2_OUT
Added Net: Name=INT_MPU
Added Pin To Net: NetName=Net7SEG1_1 Pin=R61-2
Added Net: Name=Net7SEG1_1
Added Pin To Net: NetName=Net7SEG1_2 Pin=R62-2
Added Net: Name=Net7SEG1_2
Added Pin To Net: NetName=Net7SEG1_4 Pin=R63-2
Added Net: Name=Net7SEG1_4
Added Pin To Net: NetName=Net7SEG1_5 Pin=R64-2
Added Net: Name=Net7SEG1_5
Added Pin To Net: NetName=Net7SEG1_6 Pin=R65-1
Added Net: Name=Net7SEG1_6
Added Pin To Net: NetName=Net7SEG1_7 Pin=R66-1
Added Net: Name=Net7SEG1_7
Added Pin To Net: NetName=Net7SEG1_9 Pin=R67-1
Added Net: Name=Net7SEG1_9
Added Pin To Net: NetName=Net7SEG1_10 Pin=R68-1
Added Net: Name=Net7SEG1_10
Added Pin To Net: NetName=NetC33_2 Pin=C33-2
Added Net: Name=NetC33_2
Added Pin To Net: NetName=NetLED_BALL_2 Pin=R71-2
Added Net: Name=NetLED_BALL_2
Added Pin To Net: NetName=NetLED_COM_2 Pin=R72-2
Added Net: Name=NetLED_COM_2
Added Pin To Net: NetName=NetLED_GREEN_2 Pin=R73-2
Added Net: Name=NetLED_GREEN_2
Added Pin To Net: NetName=NetLED_ORANGE_2 Pin=R74-2
Added Net: Name=NetLED_ORANGE_2
Added Pin To Net: NetName=NetQ1_4 Pin=Q1-4
Added Pin To Net: NetName=NetQ1_4 Pin=R11-2
Added Pin To Net: NetName=NetQ1_4 Pin=SW_BAT-3
Added Net: Name=NetQ1_4
Added Pin To Net: NetName=Red_led Pin=BP1-36
Added Pin To Net: NetName=Red_led Pin=R71-1
Added Net: Name=Red_led
Added Pin To Net: NetName=SCL_EP Pin=BP1-15
Added Pin To Net: NetName=SCL_EP Pin=ExPo1-4
Added Pin To Net: NetName=SCL_EP Pin=R51-1
Added Net: Name=SCL_EP
Added Pin To Net: NetName=SDA_EP Pin=BP1-16
Added Pin To Net: NetName=SDA_EP Pin=ExPo1-5
Added Pin To Net: NetName=SDA_EP Pin=R52-1
Added Net: Name=SDA_EP
Added Pin To Net: NetName=Yellow_led Pin=BP1-2
Added Pin To Net: NetName=Yellow_led Pin=R74-1
Added Net: Name=Yellow_led
Change Class Name : Old Net Name=DIRECT New Net Name=LTM-2405
Added Member To Class: ClassName=LTM-2405 Member=Component 7SEG1 TDSG1150-LM
Added Member To Class: ClassName=LTM-2405 Member=Component C11 2.2uF
Added Member To Class: ClassName=LTM-2405 Member=Component C12 22uF
Added Member To Class: ClassName=LTM-2405 Member=Component C21 100nF
Added Member To Class: ClassName=LTM-2405 Member=Component C22 10uF
Added Member To Class: ClassName=LTM-2405 Member=Component C31 100nF
Added Member To Class: ClassName=LTM-2405 Member=Component C33 100nF
Added Member To Class: ClassName=LTM-2405 Member=Component ExPo1 STMPE811QTR
Added Member To Class: ClassName=LTM-2405 Member=Component IC1 LD1117S33CTR
Added Member To Class: ClassName=LTM-2405 Member=Component NRF1 NRF24L01+
Added Member To Class: ClassName=LTM-2405 Member=Component R11 100K
Added Member To Class: ClassName=LTM-2405 Member=Component R51 4K7
Added Member To Class: ClassName=LTM-2405 Member=Component R52 4K7
Added Member To Class: ClassName=LTM-2405 Member=Component R61 100R
Added Member To Class: ClassName=LTM-2405 Member=Component R62 100R
Added Member To Class: ClassName=LTM-2405 Member=Component R63 100R
Added Member To Class: ClassName=LTM-2405 Member=Component R64 100R
Added Member To Class: ClassName=LTM-2405 Member=Component R65 100R
Added Member To Class: ClassName=LTM-2405 Member=Component R66 100R
Added Member To Class: ClassName=LTM-2405 Member=Component R67 100R
Added Member To Class: ClassName=LTM-2405 Member=Component R68 100R
Added Member To Class: ClassName=LTM-2405 Member=Component R71 100R
Added Member To Class: ClassName=LTM-2405 Member=Component R72 100R
Added Member To Class: ClassName=LTM-2405 Member=Component R73 100R
Added Member To Class: ClassName=LTM-2405 Member=Component R74 100R
Added Member To Class: ClassName=LTM-2405 Member=Component RL11 100K
Added Member To Class: ClassName=LTM-2405 Member=Component RL12 100K
Added Member To Class: ClassName=LTM-2405 Member=Component RL21 100K
Added Member To Class: ClassName=LTM-2405 Member=Component RL22 100K
Added Member To Class: ClassName=LTM-2405 Member=Component SW_BAT CS12ANW03
Change Rule Scope 1 : Old Scope=InComponent('C2') New Scope=InComponent('C12')
